<?xml version="1.0" encoding="UTF-8"?>
<!-- Generated by org.testng.reporters.JUnitReportReporter -->
<testsuite hostname="DESKTOP-HGBR7TQ" failures="0" tests="4" name="test.Logintest" time="3.259" errors="0" timestamp="2023-02-10T22:27:17 IST" skipped="0">
  <testcase classname="test.Logintest" name="verifyBuildTitleName" time="0.032"/>
  <system-out/>
  <testcase classname="test.Logintest" name="verifyTitleOfLoginPage" time="0.570"/>
  <system-out/>
  <testcase classname="test.Logintest" name="verifyCurrentUrlOfPage" time="0.018"/>
  <system-out/>
  <testcase classname="test.Logintest" name="verifyLoginWithCorrectCredentials" time="2.639"/>
  <system-out/>
</testsuite> <!-- test.Logintest -->
