<?xml version="1.0" encoding="UTF-8"?>
<!-- Generated by org.testng.reporters.JUnitReportReporter -->
<testsuite hostname="DESKTOP-HGBR7TQ" failures="0" tests="1" name="basics.GetSingleResourceNotFound" time="5.401" errors="0" timestamp="2023-03-17T18:30:09 IST" skipped="0">
  <testcase classname="basics.GetSingleResourceNotFound" name="singleresourcwenotfound" time="5.401"/>
  <system-out/>
</testsuite> <!-- basics.GetSingleResourceNotFound -->
