<?xml version="1.0" encoding="UTF-8"?>
<!-- Generated by org.testng.reporters.JUnitReportReporter -->
<testsuite hostname="DESKTOP-HGBR7TQ" failures="0" tests="1" name="api_testing.Loginautomation" time="4.743" errors="0" timestamp="2023-04-19T19:22:37 IST" skipped="0">
  <testcase classname="api_testing.Loginautomation" name="loginPage" time="4.743"/>
  <system-out/>
</testsuite> <!-- api_testing.Loginautomation -->
