<?xml version="1.0" encoding="UTF-8"?>
<!-- Generated by org.testng.reporters.JUnitReportReporter -->
<testsuite hostname="DESKTOP-HGBR7TQ" failures="0" tests="1" name="basics.Get_User" time="3.046" errors="0" timestamp="2023-03-20T19:16:24 IST" skipped="0">
  <testcase classname="basics.Get_User" name="GetSingleUser" time="3.046"/>
  <system-out/>
</testsuite> <!-- basics.Get_User -->
