<?xml version="1.0" encoding="UTF-8"?>
<!-- Generated by org.testng.reporters.JUnitReportReporter -->
<testsuite hostname="DESKTOP-HGBR7TQ" failures="0" tests="1" name="basics.GetValuesFromJson" time="6.502" errors="0" timestamp="2023-03-20T22:30:26 IST" skipped="0">
  <testcase classname="basics.GetValuesFromJson" name="GetListOfUser" time="6.502"/>
  <system-out/>
</testsuite> <!-- basics.GetValuesFromJson -->
