<?xml version="1.0" encoding="UTF-8"?>
<!-- Generated by org.testng.reporters.JUnitReportReporter -->
<testsuite hostname="DESKTOP-HGBR7TQ" failures="0" tests="1" name="basics.Get_SingleUser" time="5.619" errors="0" timestamp="2023-03-17T18:14:07 IST" skipped="0">
  <testcase classname="basics.Get_SingleUser" name="getsingleuser" time="5.619"/>
  <system-out/>
</testsuite> <!-- basics.Get_SingleUser -->
