<?xml version="1.0" encoding="UTF-8"?>
<!-- Generated by org.testng.reporters.JUnitReportReporter -->
<testsuite hostname="DESKTOP-HGBR7TQ" failures="0" tests="1" name="basics.ExtractValueFromResponce" time="8.105" errors="0" timestamp="2023-04-12T23:24:59 IST" skipped="0">
  <testcase classname="basics.ExtractValueFromResponce" name="GetEmailValue" time="8.105"/>
  <system-out/>
</testsuite> <!-- basics.ExtractValueFromResponce -->
