<?xml version="1.0" encoding="UTF-8"?>
<!-- Generated by org.testng.reporters.JUnitReportReporter -->
<testsuite hostname="DESKTOP-HGBR7TQ" failures="0" tests="1" name="basics.GetSingleResource" time="5.651" errors="0" timestamp="2023-03-17T18:23:54 IST" skipped="0">
  <testcase classname="basics.GetSingleResource" name="listresource" time="5.651"/>
  <system-out/>
</testsuite> <!-- basics.GetSingleResource -->
