<?xml version="1.0" encoding="UTF-8"?>
<!-- Generated by org.testng.reporters.JUnitReportReporter -->
<testsuite hostname="DESKTOP-HGBR7TQ" failures="0" tests="1" name="basics.ListRESOURCE" time="5.153" errors="0" timestamp="2023-03-17T18:19:55 IST" skipped="0">
  <testcase classname="basics.ListRESOURCE" name="listresource" time="5.153"/>
  <system-out/>
</testsuite> <!-- basics.ListRESOURCE -->
