<?xml version="1.0" encoding="UTF-8"?>
<!-- Generated by org.testng.reporters.JUnitReportReporter -->
<testsuite hostname="DESKTOP-HGBR7TQ" failures="0" tests="2" name="testngtest.CheckingTestSequence" time="0.019" errors="0" timestamp="2023-01-30T19:10:12 IST" skipped="0">
  <testcase classname="testngtest.CheckingTestSequence" name="ab" time="0.015"/>
  <system-out/>
  <testcase classname="testngtest.CheckingTestSequence" name="ba" time="0.004"/>
  <system-out/>
</testsuite> <!-- testngtest.CheckingTestSequence -->
