<?xml version="1.0" encoding="UTF-8"?>
<!-- Generated by org.testng.reporters.JUnitReportReporter -->
<testsuite hostname="DESKTOP-HGBR7TQ" failures="0" tests="4" name="testngtest.SoftAsserttt" time="2.866" errors="0" timestamp="2023-02-02T16:46:28 IST" skipped="0">
  <testcase classname="testngtest.SoftAsserttt" name="verifyurlofpage" time="0.019"/>
  <system-out/>
  <testcase classname="testngtest.SoftAsserttt" name="verifytitleofpage" time="0.010"/>
  <system-out/>
  <testcase classname="testngtest.SoftAsserttt" name="verifyDashboordAfterLogin" time="2.675"/>
  <system-out/>
  <testcase classname="testngtest.SoftAsserttt" name="verifyDashbodBlocks" time="0.162"/>
  <system-out/>
</testsuite> <!-- testngtest.SoftAsserttt -->
