<?xml version="1.0" encoding="UTF-8"?>
<!-- Generated by org.testng.reporters.JUnitReportReporter -->
<testsuite hostname="DESKTOP-HGBR7TQ" failures="0" tests="2" name="testngtest.HardAsserttt" time="0.033" errors="0" timestamp="2023-02-01T22:25:29 IST" skipped="0">
  <testcase classname="testngtest.HardAsserttt" name="verifyurlofpage" time="0.020"/>
  <system-out/>
  <testcase classname="testngtest.HardAsserttt" name="verifytitle" time="0.013"/>
  <system-out/>
</testsuite> <!-- testngtest.HardAsserttt -->
