<?xml version="1.0" encoding="UTF-8"?>
<!-- Generated by org.testng.reporters.JUnitReportReporter -->
<testsuite hostname="DESKTOP-HGBR7TQ" failures="0" tests="4" name="test.Logintest" time="5.035" errors="0" timestamp="2023-04-19T15:59:46 IST" skipped="0">
  <testcase classname="test.Logintest" name="verifyBuildTitleName" time="0.046"/>
  <system-out/>
  <testcase classname="test.Logintest" name="verifyTitleOfLoginPage" time="1.364"/>
  <system-out/>
  <testcase classname="test.Logintest" name="verifyCurrentUrlOfPage" time="0.019"/>
  <system-out/>
  <testcase classname="test.Logintest" name="verifyLoginWithCorrectCredentials" time="3.606"/>
  <system-out/>
</testsuite> <!-- test.Logintest -->
