<?xml version="1.0" encoding="UTF-8"?>
<!-- Generated by org.testng.reporters.JUnitReportReporter -->
<testsuite hostname="DESKTOP-HGBR7TQ" failures="0" tests="3" name="test.PIMTest" time="3.351" errors="0" timestamp="2023-04-19T15:59:46 IST" skipped="0">
  <testcase classname="test.PIMTest" name="verifyPimPageTitle" time="2.145"/>
  <system-out/>
  <testcase classname="test.PIMTest" name="verifyEmpSearchEmpId" time="1.204"/>
  <system-out/>
  <testcase classname="test.PIMTest" name="TestIngChanges" time="0.002"/>
  <system-out/>
</testsuite> <!-- test.PIMTest -->
